2025-07-15 15:15:50,409 INFO o.s.b.StartupInfoLogger [main] Starting StoreApplication using Java 24.0.1 with PID 1864 (D:\springboot\Spring\Mastering\spring-api-finished-main\target\classes started by windows in D:\springboot\Spring\Mastering\spring-api-finished-main)
2025-07-15 15:15:50,410 DEBUG o.s.b.StartupInfoLogger [main] Running with Spring Boot v3.5.0, Spring v6.2.7
2025-07-15 15:15:50,411 INFO o.s.b.SpringApplication [main] The following 1 profile is active: "dev"
2025-07-15 15:15:52,686 DEBUG o.s.w.f.GenericFilterBean [main] Filter 'jwtAuthenticationFilter' configured for use
2025-07-15 15:15:52,687 DEBUG o.s.w.f.GenericFilterBean [main] Filter 'loggingFilter' configured for use
2025-07-15 15:15:55,419 WARN o.s.s.c.a.a.c.InitializeUserDetailsBeanManagerConfigurer$InitializeUserDetailsManagerConfigurer [main] Global AuthenticationManager configured with an AuthenticationProvider bean. UserDetailsService beans will not be used by Spring Security for automatically configuring username/password login. Consider removing the AuthenticationProvider bean. Alternatively, consider using the UserDetailsService in a manually instantiated DaoAuthenticationProvider. If the current configuration is intentional, to turn off this warning, increase the logging level of 'org.springframework.security.config.annotation.authentication.configuration.InitializeUserDetailsBeanManagerConfigurer' to ERROR
2025-07-15 15:15:56,205 WARN o.s.b.a.o.j.JpaBaseConfiguration$JpaWebConfiguration [main] spring.jpa.open-in-view is enabled by default. Therefore, database queries may be performed during view rendering. Explicitly configure spring.jpa.open-in-view to disable this warning
2025-07-15 15:15:56,976 INFO o.s.b.StartupInfoLogger [main] Started StoreApplication in 7.377 seconds (process running for 7.827)
2025-07-15 15:35:56,089 INFO o.s.b.StartupInfoLogger [main] Starting StoreApplication using Java 24.0.1 with PID 13780 (D:\springboot\Spring\Mastering\spring-api-finished-main\target\classes started by windows in D:\springboot\Spring\Mastering\spring-api-finished-main)
2025-07-15 15:35:56,093 DEBUG o.s.b.StartupInfoLogger [main] Running with Spring Boot v3.5.0, Spring v6.2.7
2025-07-15 15:35:56,096 INFO o.s.b.SpringApplication [main] The following 1 profile is active: "dev"
2025-07-15 15:35:58,070 INFO o.s.b.StartupInfoLogger [main] Starting StoreApplication using Java 24.0.1 with PID 10008 (D:\springboot\Spring\Mastering\spring-api-finished-main\target\classes started by windows in D:\springboot\Spring\Mastering\spring-api-finished-main)
2025-07-15 15:35:58,075 DEBUG o.s.b.StartupInfoLogger [main] Running with Spring Boot v3.5.0, Spring v6.2.7
2025-07-15 15:35:58,077 INFO o.s.b.SpringApplication [main] The following 1 profile is active: "dev"
2025-07-15 15:35:59,651 DEBUG o.s.w.f.GenericFilterBean [main] Filter 'jwtAuthenticationFilter' configured for use
2025-07-15 15:35:59,653 DEBUG o.s.w.f.GenericFilterBean [main] Filter 'loggingFilter' configured for use
2025-07-15 15:36:02,078 DEBUG o.s.w.f.GenericFilterBean [main] Filter 'jwtAuthenticationFilter' configured for use
2025-07-15 15:36:02,080 DEBUG o.s.w.f.GenericFilterBean [main] Filter 'loggingFilter' configured for use
2025-07-15 15:36:05,014 WARN o.s.s.c.a.a.c.InitializeUserDetailsBeanManagerConfigurer$InitializeUserDetailsManagerConfigurer [main] Global AuthenticationManager configured with an AuthenticationProvider bean. UserDetailsService beans will not be used by Spring Security for automatically configuring username/password login. Consider removing the AuthenticationProvider bean. Alternatively, consider using the UserDetailsService in a manually instantiated DaoAuthenticationProvider. If the current configuration is intentional, to turn off this warning, increase the logging level of 'org.springframework.security.config.annotation.authentication.configuration.InitializeUserDetailsBeanManagerConfigurer' to ERROR
2025-07-15 15:36:06,270 WARN o.s.b.a.o.j.JpaBaseConfiguration$JpaWebConfiguration [main] spring.jpa.open-in-view is enabled by default. Therefore, database queries may be performed during view rendering. Explicitly configure spring.jpa.open-in-view to disable this warning
2025-07-15 15:36:07,124 WARN o.s.s.c.a.a.c.InitializeUserDetailsBeanManagerConfigurer$InitializeUserDetailsManagerConfigurer [main] Global AuthenticationManager configured with an AuthenticationProvider bean. UserDetailsService beans will not be used by Spring Security for automatically configuring username/password login. Consider removing the AuthenticationProvider bean. Alternatively, consider using the UserDetailsService in a manually instantiated DaoAuthenticationProvider. If the current configuration is intentional, to turn off this warning, increase the logging level of 'org.springframework.security.config.annotation.authentication.configuration.InitializeUserDetailsBeanManagerConfigurer' to ERROR
2025-07-15 15:36:11,663 INFO o.s.b.StartupInfoLogger [main] Starting StoreApplication using Java 24.0.1 with PID 12500 (D:\springboot\Spring\Mastering\spring-api-finished-main\target\classes started by windows in D:\springboot\Spring\Mastering\spring-api-finished-main)
2025-07-15 15:36:11,666 DEBUG o.s.b.StartupInfoLogger [main] Running with Spring Boot v3.5.0, Spring v6.2.7
2025-07-15 15:36:11,667 INFO o.s.b.SpringApplication [main] The following 1 profile is active: "dev"
2025-07-15 15:36:14,623 DEBUG o.s.w.f.GenericFilterBean [main] Filter 'jwtAuthenticationFilter' configured for use
2025-07-15 15:36:14,624 DEBUG o.s.w.f.GenericFilterBean [main] Filter 'loggingFilter' configured for use
2025-07-15 15:36:18,114 WARN o.s.s.c.a.a.c.InitializeUserDetailsBeanManagerConfigurer$InitializeUserDetailsManagerConfigurer [main] Global AuthenticationManager configured with an AuthenticationProvider bean. UserDetailsService beans will not be used by Spring Security for automatically configuring username/password login. Consider removing the AuthenticationProvider bean. Alternatively, consider using the UserDetailsService in a manually instantiated DaoAuthenticationProvider. If the current configuration is intentional, to turn off this warning, increase the logging level of 'org.springframework.security.config.annotation.authentication.configuration.InitializeUserDetailsBeanManagerConfigurer' to ERROR
2025-07-15 15:36:19,047 WARN o.s.b.a.o.j.JpaBaseConfiguration$JpaWebConfiguration [main] spring.jpa.open-in-view is enabled by default. Therefore, database queries may be performed during view rendering. Explicitly configure spring.jpa.open-in-view to disable this warning
2025-07-15 15:36:19,969 INFO o.s.b.StartupInfoLogger [main] Started StoreApplication in 9.072 seconds (process running for 9.516)
2025-07-15 15:36:44,148 TRACE c.m.s.a.LoggingController [http-nio-8080-exec-2] A TRACE Message
2025-07-15 15:36:44,148 DEBUG c.m.s.a.LoggingController [http-nio-8080-exec-2] A DEBUG Message
2025-07-15 15:36:44,148 INFO c.m.s.a.LoggingController [http-nio-8080-exec-2] An INFO Message
2025-07-15 15:36:44,148 WARN c.m.s.a.LoggingController [http-nio-8080-exec-2] A WARN Message
2025-07-15 15:36:44,148 ERROR c.m.s.a.LoggingController [http-nio-8080-exec-2] An ERROR Message
